<?xml version="1.0" encoding="UTF-8"?>
<testsuite xmlns:xsi="http://www.w3.org/2001/XMLSchema-instance" xsi:noNamespaceSchemaLocation="https://maven.apache.org/surefire/maven-surefire-plugin/xsd/surefire-test-report.xsd" name="tl86.eightCourse.GetDataClient" time="0.101" tests="2" errors="0" skipped="0" failures="0">
  <properties>
    <property name="gopherProxySet" value="false"/>
    <property name="awt.toolkit" value="sun.lwawt.macosx.LWCToolkit"/>
    <property name="file.encoding.pkg" value="sun.io"/>
    <property name="java.specification.version" value="1.8"/>
    <property name="sun.cpu.isalist" value=""/>
    <property name="sun.jnu.encoding" value="UTF-8"/>
    <property name="java.class.path" value="/Users/tlqiao/write/apiTest/api_test/target/test-classes:/Users/tlqiao/write/apiTest/api_test/target/classes:/Users/tlqiao/.m2/repository/junit/junit/4.11/junit-4.11.jar:/Users/tlqiao/.m2/repository/org/hamcrest/hamcrest-core/1.3/hamcrest-core-1.3.jar:/Users/tlqiao/.m2/repository/org/codehaus/groovy/groovy-all/2.4.12/groovy-all-2.4.12.jar:/Users/tlqiao/.m2/repository/mysql/mysql-connector-java/5.1.44/mysql-connector-java-5.1.44.jar:/Users/tlqiao/.m2/repository/org/apache/velocity/velocity/1.7/velocity-1.7.jar:/Users/tlqiao/.m2/repository/commons-collections/commons-collections/3.2.1/commons-collections-3.2.1.jar:/Users/tlqiao/.m2/repository/commons-lang/commons-lang/2.4/commons-lang-2.4.jar:/Users/tlqiao/.m2/repository/io/rest-assured/json-schema-validator/3.0.5/json-schema-validator-3.0.5.jar:/Users/tlqiao/.m2/repository/com/github/fge/json-schema-validator/2.2.6/json-schema-validator-2.2.6.jar:/Users/tlqiao/.m2/repository/com/google/code/findbugs/jsr305/3.0.0/jsr305-3.0.0.jar:/Users/tlqiao/.m2/repository/joda-time/joda-time/2.3/joda-time-2.3.jar:/Users/tlqiao/.m2/repository/com/googlecode/libphonenumber/libphonenumber/6.2/libphonenumber-6.2.jar:/Users/tlqiao/.m2/repository/com/github/fge/json-schema-core/1.2.5/json-schema-core-1.2.5.jar:/Users/tlqiao/.m2/repository/com/github/fge/uri-template/0.9/uri-template-0.9.jar:/Users/tlqiao/.m2/repository/com/github/fge/msg-simple/1.1/msg-simple-1.1.jar:/Users/tlqiao/.m2/repository/com/github/fge/btf/1.2/btf-1.2.jar:/Users/tlqiao/.m2/repository/com/google/guava/guava/16.0.1/guava-16.0.1.jar:/Users/tlqiao/.m2/repository/com/github/fge/jackson-coreutils/1.8/jackson-coreutils-1.8.jar:/Users/tlqiao/.m2/repository/com/fasterxml/jackson/core/jackson-databind/2.2.3/jackson-databind-2.2.3.jar:/Users/tlqiao/.m2/repository/com/fasterxml/jackson/core/jackson-annotations/2.2.3/jackson-annotations-2.2.3.jar:/Users/tlqiao/.m2/repository/com/fasterxml/jackson/core/jackson-core/2.2.3/jackson-core-2.2.3.jar:/Users/tlqiao/.m2/repository/org/mozilla/rhino/1.7R4/rhino-1.7R4.jar:/Users/tlqiao/.m2/repository/javax/mail/mailapi/1.4.3/mailapi-1.4.3.jar:/Users/tlqiao/.m2/repository/javax/activation/activation/1.1/activation-1.1.jar:/Users/tlqiao/.m2/repository/net/sf/jopt-simple/jopt-simple/4.6/jopt-simple-4.6.jar:/Users/tlqiao/.m2/repository/org/yaml/snakeyaml/1.17/snakeyaml-1.17.jar:/Users/tlqiao/.m2/repository/io/rest-assured/rest-assured/3.0.5/rest-assured-3.0.5.jar:/Users/tlqiao/.m2/repository/org/codehaus/groovy/groovy/2.4.9/groovy-2.4.9.jar:/Users/tlqiao/.m2/repository/org/codehaus/groovy/groovy-xml/2.4.9/groovy-xml-2.4.9.jar:/Users/tlqiao/.m2/repository/org/apache/httpcomponents/httpclient/4.5.3/httpclient-4.5.3.jar:/Users/tlqiao/.m2/repository/org/apache/httpcomponents/httpcore/4.4.6/httpcore-4.4.6.jar:/Users/tlqiao/.m2/repository/commons-logging/commons-logging/1.2/commons-logging-1.2.jar:/Users/tlqiao/.m2/repository/commons-codec/commons-codec/1.9/commons-codec-1.9.jar:/Users/tlqiao/.m2/repository/org/apache/httpcomponents/httpmime/4.5.1/httpmime-4.5.1.jar:/Users/tlqiao/.m2/repository/org/hamcrest/hamcrest-library/1.3/hamcrest-library-1.3.jar:/Users/tlqiao/.m2/repository/org/ccil/cowan/tagsoup/tagsoup/1.2.1/tagsoup-1.2.1.jar:/Users/tlqiao/.m2/repository/io/rest-assured/json-path/3.0.5/json-path-3.0.5.jar:/Users/tlqiao/.m2/repository/io/rest-assured/rest-assured-common/3.0.5/rest-assured-common-3.0.5.jar:/Users/tlqiao/.m2/repository/io/rest-assured/xml-path/3.0.5/xml-path-3.0.5.jar:/Users/tlqiao/.m2/repository/org/apache/commons/commons-lang3/3.4/commons-lang3-3.4.jar:/Users/tlqiao/.m2/repository/com/xlson/groovycsv/groovycsv/1.3/groovycsv-1.3.jar:/Users/tlqiao/.m2/repository/com/opencsv/opencsv/4.0/opencsv-4.0.jar:/Users/tlqiao/.m2/repository/org/apache/commons/commons-text/1.1/commons-text-1.1.jar:/Users/tlqiao/.m2/repository/commons-beanutils/commons-beanutils/1.9.3/commons-beanutils-1.9.3.jar:/Users/tlqiao/.m2/repository/org/spockframework/spock-core/1.1-groovy-2.4/spock-core-1.1-groovy-2.4.jar:/Users/tlqiao/.m2/repository/com/athaydes/spock-reports/1.5.0/spock-reports-1.5.0.jar:/Users/tlqiao/.m2/repository/org/codehaus/groovy/groovy-json/2.0.8/groovy-json-2.0.8.jar:/Users/tlqiao/.m2/repository/org/codehaus/groovy/groovy-templates/2.0.8/groovy-templates-2.0.8.jar:/Users/tlqiao/.m2/repository/org/slf4j/slf4j-api/1.7.13/slf4j-api-1.7.13.jar:"/>
    <property name="java.vm.vendor" value="Oracle Corporation"/>
    <property name="sun.arch.data.model" value="64"/>
    <property name="java.vendor.url" value="http://java.oracle.com/"/>
    <property name="user.timezone" value=""/>
    <property name="java.vm.specification.version" value="1.8"/>
    <property name="os.name" value="Mac OS X"/>
    <property name="user.country" value="CN"/>
    <property name="sun.java.launcher" value="SUN_STANDARD"/>
    <property name="sun.boot.library.path" value="/Library/Java/JavaVirtualMachines/jdk1.8.0_171.jdk/Contents/Home/jre/lib"/>
    <property name="sun.java.command" value="/Users/tlqiao/write/apiTest/api_test/target/surefire/surefirebooter8420357141132009045.jar /Users/tlqiao/write/apiTest/api_test/target/surefire 2019-06-05T10-25-26_890-jvmRun1 surefire619606935881242106tmp surefire_08693453923991227751tmp"/>
    <property name="http.nonProxyHosts" value="local|*.local|169.254/16|*.169.254/16"/>
    <property name="test" value="*"/>
    <property name="surefire.test.class.path" value="/Users/tlqiao/write/apiTest/api_test/target/test-classes:/Users/tlqiao/write/apiTest/api_test/target/classes:/Users/tlqiao/.m2/repository/junit/junit/4.11/junit-4.11.jar:/Users/tlqiao/.m2/repository/org/hamcrest/hamcrest-core/1.3/hamcrest-core-1.3.jar:/Users/tlqiao/.m2/repository/org/codehaus/groovy/groovy-all/2.4.12/groovy-all-2.4.12.jar:/Users/tlqiao/.m2/repository/mysql/mysql-connector-java/5.1.44/mysql-connector-java-5.1.44.jar:/Users/tlqiao/.m2/repository/org/apache/velocity/velocity/1.7/velocity-1.7.jar:/Users/tlqiao/.m2/repository/commons-collections/commons-collections/3.2.1/commons-collections-3.2.1.jar:/Users/tlqiao/.m2/repository/commons-lang/commons-lang/2.4/commons-lang-2.4.jar:/Users/tlqiao/.m2/repository/io/rest-assured/json-schema-validator/3.0.5/json-schema-validator-3.0.5.jar:/Users/tlqiao/.m2/repository/com/github/fge/json-schema-validator/2.2.6/json-schema-validator-2.2.6.jar:/Users/tlqiao/.m2/repository/com/google/code/findbugs/jsr305/3.0.0/jsr305-3.0.0.jar:/Users/tlqiao/.m2/repository/joda-time/joda-time/2.3/joda-time-2.3.jar:/Users/tlqiao/.m2/repository/com/googlecode/libphonenumber/libphonenumber/6.2/libphonenumber-6.2.jar:/Users/tlqiao/.m2/repository/com/github/fge/json-schema-core/1.2.5/json-schema-core-1.2.5.jar:/Users/tlqiao/.m2/repository/com/github/fge/uri-template/0.9/uri-template-0.9.jar:/Users/tlqiao/.m2/repository/com/github/fge/msg-simple/1.1/msg-simple-1.1.jar:/Users/tlqiao/.m2/repository/com/github/fge/btf/1.2/btf-1.2.jar:/Users/tlqiao/.m2/repository/com/google/guava/guava/16.0.1/guava-16.0.1.jar:/Users/tlqiao/.m2/repository/com/github/fge/jackson-coreutils/1.8/jackson-coreutils-1.8.jar:/Users/tlqiao/.m2/repository/com/fasterxml/jackson/core/jackson-databind/2.2.3/jackson-databind-2.2.3.jar:/Users/tlqiao/.m2/repository/com/fasterxml/jackson/core/jackson-annotations/2.2.3/jackson-annotations-2.2.3.jar:/Users/tlqiao/.m2/repository/com/fasterxml/jackson/core/jackson-core/2.2.3/jackson-core-2.2.3.jar:/Users/tlqiao/.m2/repository/org/mozilla/rhino/1.7R4/rhino-1.7R4.jar:/Users/tlqiao/.m2/repository/javax/mail/mailapi/1.4.3/mailapi-1.4.3.jar:/Users/tlqiao/.m2/repository/javax/activation/activation/1.1/activation-1.1.jar:/Users/tlqiao/.m2/repository/net/sf/jopt-simple/jopt-simple/4.6/jopt-simple-4.6.jar:/Users/tlqiao/.m2/repository/org/yaml/snakeyaml/1.17/snakeyaml-1.17.jar:/Users/tlqiao/.m2/repository/io/rest-assured/rest-assured/3.0.5/rest-assured-3.0.5.jar:/Users/tlqiao/.m2/repository/org/codehaus/groovy/groovy/2.4.9/groovy-2.4.9.jar:/Users/tlqiao/.m2/repository/org/codehaus/groovy/groovy-xml/2.4.9/groovy-xml-2.4.9.jar:/Users/tlqiao/.m2/repository/org/apache/httpcomponents/httpclient/4.5.3/httpclient-4.5.3.jar:/Users/tlqiao/.m2/repository/org/apache/httpcomponents/httpcore/4.4.6/httpcore-4.4.6.jar:/Users/tlqiao/.m2/repository/commons-logging/commons-logging/1.2/commons-logging-1.2.jar:/Users/tlqiao/.m2/repository/commons-codec/commons-codec/1.9/commons-codec-1.9.jar:/Users/tlqiao/.m2/repository/org/apache/httpcomponents/httpmime/4.5.1/httpmime-4.5.1.jar:/Users/tlqiao/.m2/repository/org/hamcrest/hamcrest-library/1.3/hamcrest-library-1.3.jar:/Users/tlqiao/.m2/repository/org/ccil/cowan/tagsoup/tagsoup/1.2.1/tagsoup-1.2.1.jar:/Users/tlqiao/.m2/repository/io/rest-assured/json-path/3.0.5/json-path-3.0.5.jar:/Users/tlqiao/.m2/repository/io/rest-assured/rest-assured-common/3.0.5/rest-assured-common-3.0.5.jar:/Users/tlqiao/.m2/repository/io/rest-assured/xml-path/3.0.5/xml-path-3.0.5.jar:/Users/tlqiao/.m2/repository/org/apache/commons/commons-lang3/3.4/commons-lang3-3.4.jar:/Users/tlqiao/.m2/repository/com/xlson/groovycsv/groovycsv/1.3/groovycsv-1.3.jar:/Users/tlqiao/.m2/repository/com/opencsv/opencsv/4.0/opencsv-4.0.jar:/Users/tlqiao/.m2/repository/org/apache/commons/commons-text/1.1/commons-text-1.1.jar:/Users/tlqiao/.m2/repository/commons-beanutils/commons-beanutils/1.9.3/commons-beanutils-1.9.3.jar:/Users/tlqiao/.m2/repository/org/spockframework/spock-core/1.1-groovy-2.4/spock-core-1.1-groovy-2.4.jar:/Users/tlqiao/.m2/repository/com/athaydes/spock-reports/1.5.0/spock-reports-1.5.0.jar:/Users/tlqiao/.m2/repository/org/codehaus/groovy/groovy-json/2.0.8/groovy-json-2.0.8.jar:/Users/tlqiao/.m2/repository/org/codehaus/groovy/groovy-templates/2.0.8/groovy-templates-2.0.8.jar:/Users/tlqiao/.m2/repository/org/slf4j/slf4j-api/1.7.13/slf4j-api-1.7.13.jar:"/>
    <property name="sun.cpu.endian" value="little"/>
    <property name="user.home" value="/Users/tlqiao"/>
    <property name="user.language" value="en"/>
    <property name="java.specification.vendor" value="Oracle Corporation"/>
    <property name="java.home" value="/Library/Java/JavaVirtualMachines/jdk1.8.0_171.jdk/Contents/Home/jre"/>
    <property name="basedir" value="/Users/tlqiao/write/apiTest/api_test"/>
    <property name="file.separator" value="/"/>
    <property name="line.separator" value="&#10;"/>
    <property name="java.vm.specification.vendor" value="Oracle Corporation"/>
    <property name="java.specification.name" value="Java Platform API Specification"/>
    <property name="java.awt.graphicsenv" value="sun.awt.CGraphicsEnvironment"/>
    <property name="surefire.real.class.path" value="/Users/tlqiao/write/apiTest/api_test/target/surefire/surefirebooter8420357141132009045.jar"/>
    <property name="sun.boot.class.path" value="/Library/Java/JavaVirtualMachines/jdk1.8.0_171.jdk/Contents/Home/jre/lib/resources.jar:/Library/Java/JavaVirtualMachines/jdk1.8.0_171.jdk/Contents/Home/jre/lib/rt.jar:/Library/Java/JavaVirtualMachines/jdk1.8.0_171.jdk/Contents/Home/jre/lib/sunrsasign.jar:/Library/Java/JavaVirtualMachines/jdk1.8.0_171.jdk/Contents/Home/jre/lib/jsse.jar:/Library/Java/JavaVirtualMachines/jdk1.8.0_171.jdk/Contents/Home/jre/lib/jce.jar:/Library/Java/JavaVirtualMachines/jdk1.8.0_171.jdk/Contents/Home/jre/lib/charsets.jar:/Library/Java/JavaVirtualMachines/jdk1.8.0_171.jdk/Contents/Home/jre/lib/jfr.jar:/Library/Java/JavaVirtualMachines/jdk1.8.0_171.jdk/Contents/Home/jre/classes"/>
    <property name="sun.management.compiler" value="HotSpot 64-Bit Tiered Compilers"/>
    <property name="ftp.nonProxyHosts" value="local|*.local|169.254/16|*.169.254/16"/>
    <property name="java.runtime.version" value="1.8.0_171-b11"/>
    <property name="user.name" value="tlqiao"/>
    <property name="path.separator" value=":"/>
    <property name="os.version" value="10.13.2"/>
    <property name="java.endorsed.dirs" value="/Library/Java/JavaVirtualMachines/jdk1.8.0_171.jdk/Contents/Home/jre/lib/endorsed"/>
    <property name="java.runtime.name" value="Java(TM) SE Runtime Environment"/>
    <property name="file.encoding" value="US-ASCII"/>
    <property name="java.vm.name" value="Java HotSpot(TM) 64-Bit Server VM"/>
    <property name="localRepository" value="/Users/tlqiao/.m2/repository"/>
    <property name="java.vendor.url.bug" value="http://bugreport.sun.com/bugreport/"/>
    <property name="java.io.tmpdir" value="/var/folders/1g/491hmwt544l8pktj6wk_pqpm0000gn/T/"/>
    <property name="java.version" value="1.8.0_171"/>
    <property name="user.dir" value="/Users/tlqiao/write/apiTest/api_test"/>
    <property name="os.arch" value="x86_64"/>
    <property name="java.vm.specification.name" value="Java Virtual Machine Specification"/>
    <property name="java.awt.printerjob" value="sun.lwawt.macosx.CPrinterJob"/>
    <property name="sun.os.patch.level" value="unknown"/>
    <property name="java.library.path" value="/Users/tlqiao/Library/Java/Extensions:/Library/Java/Extensions:/Network/Library/Java/Extensions:/System/Library/Java/Extensions:/usr/lib/java:."/>
    <property name="java.vm.info" value="mixed mode"/>
    <property name="java.vendor" value="Oracle Corporation"/>
    <property name="java.vm.version" value="25.171-b11"/>
    <property name="java.ext.dirs" value="/Users/tlqiao/Library/Java/Extensions:/Library/Java/JavaVirtualMachines/jdk1.8.0_171.jdk/Contents/Home/jre/lib/ext:/Library/Java/Extensions:/Network/Library/Java/Extensions:/System/Library/Java/Extensions:/usr/lib/java"/>
    <property name="sun.io.unicode.encoding" value="UnicodeBig"/>
    <property name="java.class.version" value="52.0"/>
    <property name="socksNonProxyHosts" value="local|*.local|169.254/16|*.169.254/16"/>
  </properties>
  <testcase name="callGetData" classname="tl86.eightCourse.GetDataClient" time="0.022"/>
  <testcase name="callGetData2" classname="tl86.eightCourse.GetDataClient" time="0.074"/>
</testsuite>